<?xml version="1.0" encoding="UTF-8"?>
<!-- Generated by org.testng.reporters.JUnitXMLReporter -->
<testsuite hostname="5CG7084M2J840" ignored="3" name="Test" tests="6" failures="1" timestamp="08 Jun 2017 09:42:26 GMT" time="221.819" errors="0">
  <testcase name="User_Opportunities_Creation_From_Sales_Add_Products" time="37.704" classname="com.macfee.sampletest.UserOptyCreationSalesAddProducts">
    <failure type="java.lang.AssertionError" message="Add Products to Opportunity created failed with error :org.openqa.selenium.TimeoutException: Expected condition failed: waiting for com.mcafee.framework.AutomationHelper$1@6f2363 (tried for 10 second(s) with 500 MILLISECONDS interval)">
      <![CDATA[java.lang.AssertionError: Add Products to Opportunity created failed with error :org.openqa.selenium.TimeoutException: Expected condition failed: waiting for com.mcafee.framework.AutomationHelper$1@6f2363 (tried for 10 second(s) with 500 MILLISECONDS interval)
	at com.macfee.sampletest.UserOptyCreationSalesAddProducts.User_Opportunities_Creation_From_Sales_Add_Products(UserOptyCreationSalesAddProducts.java:167)
... Removed 26 stack frames]]>
    </failure>
  </testcase> <!-- User_Opportunities_Creation_From_Sales_Add_Products -->
  <testcase name="User_Opportunities_Creation_From_Sales_Add_Products" time="11.946" classname="com.macfee.sampletest.UserOptyCreationSalesAddProducts"/>
  <testcase name="User_Opportunities_Creation_From_Sales_Add_Products" time="12.74" classname="com.macfee.sampletest.UserOptyCreationSalesAddProducts"/>
  <testcase name="User_Opportunities_Creation_From_Sales_Add_Partner" time="28.197" classname="com.macfee.sampletest.UserOptyCreationSalesAddPartner"/>
  <testcase name="User_Opportunities_Creation_From_Sales_Add_Partner" time="9.942" classname="com.macfee.sampletest.UserOptyCreationSalesAddPartner"/>
  <testcase name="User_Opportunities_Creation_From_Sales_Add_Partner" time="10.04" classname="com.macfee.sampletest.UserOptyCreationSalesAddPartner"/>
  <testcase name="@BeforeTest beforeTest" time="0.0" classname="com.mcafee.framework.BaseClass">
    <ignored/>
  </testcase> <!-- @BeforeTest beforeTest -->
  <testcase name="@AfterSuite afterSuite" time="0.0" classname="com.mcafee.framework.BaseClass">
    <ignored/>
  </testcase> <!-- @AfterSuite afterSuite -->
  <testcase name="@BeforeSuite beforeSuite" time="0.0" classname="com.mcafee.framework.BaseClass">
    <ignored/>
  </testcase> <!-- @BeforeSuite beforeSuite -->
</testsuite> <!-- Test -->
