<?xml version="1.0" encoding="UTF-8"?>
<!-- Generated by org.testng.reporters.JUnitReportReporter -->
<testsuite skipped="0" hostname="5CG7084M2J840" name="com.macfee.sampletest.UserOptyCreationSalesAddProducts" tests="3" failures="1" timestamp="08 Jun 2017 09:42:32 GMT" time="62.682" errors="0">
  <testcase name="User_Opportunities_Creation_From_Sales_Add_Products" time="13.032" classname="com.macfee.sampletest.UserOptyCreationSalesAddProducts"/>
  <testcase name="User_Opportunities_Creation_From_Sales_Add_Products" time="11.946" classname="com.macfee.sampletest.UserOptyCreationSalesAddProducts"/>
  <testcase name="User_Opportunities_Creation_From_Sales_Add_Products" time="37.704" classname="com.macfee.sampletest.UserOptyCreationSalesAddProducts">
    <failure type="java.lang.AssertionError" message="Add Products to Opportunity created failed with error :org.openqa.selenium.TimeoutException: Expected condition failed: waiting for com.mcafee.framework.AutomationHelper$1@6f2363 (tried for 10 second(s) with 500 MILLISECONDS interval)">
      <![CDATA[java.lang.AssertionError: Add Products to Opportunity created failed with error :org.openqa.selenium.TimeoutException: Expected condition failed: waiting for com.mcafee.framework.AutomationHelper$1@6f2363 (tried for 10 second(s) with 500 MILLISECONDS interval)
	at org.testng.Assert.fail(Assert.java:93)
	at com.macfee.sampletest.UserOptyCreationSalesAddProducts.User_Opportunities_Creation_From_Sales_Add_Products(UserOptyCreationSalesAddProducts.java:167)
	at sun.reflect.NativeMethodAccessorImpl.invoke0(Native Method)
	at sun.reflect.NativeMethodAccessorImpl.invoke(Unknown Source)
	at sun.reflect.DelegatingMethodAccessorImpl.invoke(Unknown Source)
	at java.lang.reflect.Method.invoke(Unknown Source)
	at org.testng.internal.MethodInvocationHelper.invokeMethod(MethodInvocationHelper.java:108)
	at org.testng.internal.Invoker.invokeMethod(Invoker.java:661)
	at org.testng.internal.Invoker.invokeTestMethod(Invoker.java:869)
	at org.testng.internal.Invoker.invokeTestMethods(Invoker.java:1193)
	at org.testng.internal.TestMethodWorker.invokeTestMethods(TestMethodWorker.java:126)
	at org.testng.internal.TestMethodWorker.run(TestMethodWorker.java:109)
	at org.testng.TestRunner.privateRun(TestRunner.java:744)
	at org.testng.TestRunner.run(TestRunner.java:602)
	at org.testng.SuiteRunner.runTest(SuiteRunner.java:380)
	at org.testng.SuiteRunner.runSequentially(SuiteRunner.java:375)
	at org.testng.SuiteRunner.privateRun(SuiteRunner.java:340)
	at org.testng.SuiteRunner.run(SuiteRunner.java:289)
	at org.testng.SuiteRunnerWorker.runSuite(SuiteRunnerWorker.java:52)
	at org.testng.SuiteRunnerWorker.run(SuiteRunnerWorker.java:86)
	at org.testng.TestNG.runSuitesSequentially(TestNG.java:1301)
	at org.testng.TestNG.runSuitesLocally(TestNG.java:1226)
	at org.testng.TestNG.runSuites(TestNG.java:1144)
	at org.testng.TestNG.run(TestNG.java:1115)
	at org.testng.remote.AbstractRemoteTestNG.run(AbstractRemoteTestNG.java:132)
	at org.testng.remote.RemoteTestNG.initAndRun(RemoteTestNG.java:230)
	at org.testng.remote.RemoteTestNG.main(RemoteTestNG.java:76)
]]>
    </failure>
  </testcase> <!-- User_Opportunities_Creation_From_Sales_Add_Products -->
</testsuite> <!-- com.macfee.sampletest.UserOptyCreationSalesAddProducts -->
